<?xml version="1.0" encoding="UTF-8"?>
<coverage generated="1708849249506" clover="3.2.0">
  <project timestamp="1708849249507" name="All files">
    <metrics statements="82" coveredstatements="78" conditionals="39" coveredconditionals="33" methods="21" coveredmethods="21" elements="142" coveredelements="132" complexity="0" loc="82" ncloc="82" packages="2" files="8" classes="8"/>
    <package name="src">
      <metrics statements="33" coveredstatements="32" conditionals="15" coveredconditionals="13" methods="7" coveredmethods="7"/>
      <file name="buildDiff.js" path="/home/bulat/frontend-project-46/src/buildDiff.js">
        <metrics statements="15" coveredstatements="15" conditionals="10" coveredconditionals="10" methods="2" coveredmethods="2"/>
        <line num="3" count="1" type="stmt"/>
        <line num="4" count="20" type="stmt"/>
        <line num="5" count="20" type="stmt"/>
        <line num="6" count="20" type="stmt"/>
        <line num="7" count="20" type="stmt"/>
        <line num="8" count="72" type="cond" truecount="2" falsecount="0"/>
        <line num="9" count="20" type="stmt"/>
        <line num="11" count="52" type="cond" truecount="2" falsecount="0"/>
        <line num="12" count="8" type="stmt"/>
        <line num="14" count="44" type="cond" truecount="2" falsecount="0"/>
        <line num="15" count="12" type="stmt"/>
        <line num="17" count="32" type="cond" truecount="4" falsecount="0"/>
        <line num="18" count="16" type="stmt"/>
        <line num="24" count="16" type="stmt"/>
        <line num="32" count="20" type="stmt"/>
      </file>
      <file name="index.js" path="/home/bulat/frontend-project-46/src/index.js">
        <metrics statements="9" coveredstatements="9" conditionals="1" coveredconditionals="0" methods="2" coveredmethods="2"/>
        <line num="7" count="1" type="stmt"/>
        <line num="8" count="8" type="stmt"/>
        <line num="9" count="8" type="stmt"/>
        <line num="10" count="8" type="stmt"/>
        <line num="13" count="1" type="cond" truecount="0" falsecount="1"/>
        <line num="14" count="4" type="stmt"/>
        <line num="15" count="4" type="stmt"/>
        <line num="16" count="4" type="stmt"/>
        <line num="17" count="4" type="stmt"/>
      </file>
      <file name="parsers.js" path="/home/bulat/frontend-project-46/src/parsers.js">
        <metrics statements="5" coveredstatements="4" conditionals="4" coveredconditionals="3" methods="1" coveredmethods="1"/>
        <line num="3" count="1" type="stmt"/>
        <line num="4" count="8" type="cond" truecount="3" falsecount="1"/>
        <line num="6" count="4" type="stmt"/>
        <line num="9" count="4" type="stmt"/>
        <line num="11" count="0" type="stmt"/>
      </file>
      <file name="paths.js" path="/home/bulat/frontend-project-46/src/paths.js">
        <metrics statements="4" coveredstatements="4" conditionals="0" coveredconditionals="0" methods="2" coveredmethods="2"/>
        <line num="5" count="1" type="stmt"/>
        <line num="6" count="1" type="stmt"/>
        <line num="8" count="12" type="stmt"/>
        <line num="9" count="12" type="stmt"/>
      </file>
    </package>
    <package name="src.Formatters">
      <metrics statements="49" coveredstatements="46" conditionals="24" coveredconditionals="20" methods="14" coveredmethods="14"/>
      <file name="index.js" path="/home/bulat/frontend-project-46/src/Formatters/index.js">
        <metrics statements="6" coveredstatements="5" conditionals="4" coveredconditionals="3" methods="1" coveredmethods="1"/>
        <line num="5" count="1" type="stmt"/>
        <line num="6" count="4" type="cond" truecount="3" falsecount="1"/>
        <line num="8" count="1" type="stmt"/>
        <line num="10" count="1" type="stmt"/>
        <line num="12" count="2" type="stmt"/>
        <line num="14" count="0" type="stmt"/>
      </file>
      <file name="json.js" path="/home/bulat/frontend-project-46/src/Formatters/json.js">
        <metrics statements="1" coveredstatements="1" conditionals="0" coveredconditionals="0" methods="1" coveredmethods="1"/>
        <line num="1" count="1" type="stmt"/>
      </file>
      <file name="plain.js" path="/home/bulat/frontend-project-46/src/Formatters/plain.js">
        <metrics statements="19" coveredstatements="18" conditionals="10" coveredconditionals="9" methods="5" coveredmethods="5"/>
        <line num="3" count="1" type="stmt"/>
        <line num="4" count="13" type="cond" truecount="2" falsecount="0"/>
        <line num="5" count="3" type="stmt"/>
        <line num="7" count="10" type="cond" truecount="2" falsecount="0"/>
        <line num="8" count="7" type="stmt"/>
        <line num="10" count="3" type="stmt"/>
        <line num="13" count="1" type="stmt"/>
        <line num="14" count="1" type="cond" truecount="1" falsecount="0"/>
        <line num="15" count="5" type="stmt"/>
        <line num="16" count="18" type="stmt"/>
        <line num="18" count="15" type="stmt"/>
        <line num="19" count="15" type="cond" truecount="4" falsecount="1"/>
        <line num="21" count="5" type="stmt"/>
        <line num="25" count="2" type="stmt"/>
        <line num="27" count="4" type="stmt"/>
        <line num="31" count="4" type="stmt"/>
        <line num="33" count="0" type="stmt"/>
        <line num="36" count="5" type="stmt"/>
        <line num="38" count="1" type="stmt"/>
      </file>
      <file name="stylish.js" path="/home/bulat/frontend-project-46/src/Formatters/stylish.js">
        <metrics statements="23" coveredstatements="22" conditionals="10" coveredconditionals="8" methods="7" coveredmethods="7"/>
        <line num="3" count="1" type="stmt"/>
        <line num="4" count="84" type="stmt"/>
        <line num="6" count="1" type="cond" truecount="0" falsecount="1"/>
        <line num="7" count="54" type="cond" truecount="2" falsecount="0"/>
        <line num="8" count="40" type="stmt"/>
        <line num="10" count="14" type="stmt"/>
        <line num="11" count="14" type="stmt"/>
        <line num="12" count="18" type="stmt"/>
        <line num="13" count="18" type="stmt"/>
        <line num="15" count="14" type="stmt"/>
        <line num="18" count="1" type="stmt"/>
        <line num="19" count="2" type="cond" truecount="1" falsecount="0"/>
        <line num="20" count="10" type="stmt"/>
        <line num="21" count="36" type="stmt"/>
        <line num="22" count="36" type="stmt"/>
        <line num="23" count="36" type="cond" truecount="5" falsecount="1"/>
        <line num="25" count="10" type="stmt"/>
        <line num="27" count="4" type="stmt"/>
        <line num="29" count="6" type="stmt"/>
        <line num="31" count="8" type="stmt"/>
        <line num="36" count="8" type="stmt"/>
        <line num="41" count="0" type="stmt"/>
        <line num="44" count="2" type="stmt"/>
      </file>
    </package>
  </project>
</coverage>
