{"/home/bulat/frontend-project-46/src/buildDiff.js": {"path":"/home/bulat/frontend-project-46/src/buildDiff.js","statementMap":{"0":{"start":{"line":3,"column":20},"end":{"line":33,"column":1}},"1":{"start":{"line":4,"column":16},"end":{"line":4,"column":34}},"2":{"start":{"line":5,"column":16},"end":{"line":5,"column":34}},"3":{"start":{"line":6,"column":15},"end":{"line":6,"column":46}},"4":{"start":{"line":7,"column":19},"end":{"line":30,"column":4}},"5":{"start":{"line":8,"column":4},"end":{"line":10,"column":5}},"6":{"start":{"line":9,"column":6},"end":{"line":9,"column":55}},"7":{"start":{"line":11,"column":4},"end":{"line":13,"column":5}},"8":{"start":{"line":12,"column":6},"end":{"line":12,"column":57}},"9":{"start":{"line":14,"column":4},"end":{"line":16,"column":5}},"10":{"start":{"line":15,"column":6},"end":{"line":15,"column":59}},"11":{"start":{"line":17,"column":4},"end":{"line":23,"column":5}},"12":{"start":{"line":18,"column":6},"end":{"line":22,"column":8}},"13":{"start":{"line":24,"column":4},"end":{"line":29,"column":6}},"14":{"start":{"line":32,"column":2},"end":{"line":32,"column":18}}},"fnMap":{"0":{"name":"(anonymous_0)","decl":{"start":{"line":3,"column":20},"end":{"line":3,"column":21}},"loc":{"start":{"line":3,"column":38},"end":{"line":33,"column":1}},"line":3},"1":{"name":"(anonymous_1)","decl":{"start":{"line":7,"column":28},"end":{"line":7,"column":29}},"loc":{"start":{"line":7,"column":37},"end":{"line":30,"column":3}},"line":7}},"branchMap":{"0":{"loc":{"start":{"line":8,"column":4},"end":{"line":10,"column":5}},"type":"if","locations":[{"start":{"line":8,"column":4},"end":{"line":10,"column":5}},{"start":{},"end":{}}],"line":8},"1":{"loc":{"start":{"line":11,"column":4},"end":{"line":13,"column":5}},"type":"if","locations":[{"start":{"line":11,"column":4},"end":{"line":13,"column":5}},{"start":{},"end":{}}],"line":11},"2":{"loc":{"start":{"line":14,"column":4},"end":{"line":16,"column":5}},"type":"if","locations":[{"start":{"line":14,"column":4},"end":{"line":16,"column":5}},{"start":{},"end":{}}],"line":14},"3":{"loc":{"start":{"line":17,"column":4},"end":{"line":23,"column":5}},"type":"if","locations":[{"start":{"line":17,"column":4},"end":{"line":23,"column":5}},{"start":{},"end":{}}],"line":17},"4":{"loc":{"start":{"line":17,"column":8},"end":{"line":17,"column":66}},"type":"binary-expr","locations":[{"start":{"line":17,"column":8},"end":{"line":17,"column":35}},{"start":{"line":17,"column":39},"end":{"line":17,"column":66}}],"line":17}},"s":{"0":1,"1":20,"2":20,"3":20,"4":20,"5":72,"6":20,"7":52,"8":8,"9":44,"10":12,"11":32,"12":16,"13":16,"14":20},"f":{"0":20,"1":72},"b":{"0":[20,52],"1":[8,44],"2":[12,32],"3":[16,16],"4":[32,20]},"_coverageSchema":"1a1c01bbd47fc00a2c39e90264f33305004495a9","hash":"a716af88c9b7d0ea16ebd3fc3848b19b60c471d6"}
,"/home/bulat/frontend-project-46/src/index.js": {"path":"/home/bulat/frontend-project-46/src/index.js","statementMap":{"0":{"start":{"line":7,"column":21},"end":{"line":11,"column":1}},"1":{"start":{"line":8,"column":18},"end":{"line":8,"column":45}},"2":{"start":{"line":9,"column":15},"end":{"line":9,"column":29}},"3":{"start":{"line":10,"column":2},"end":{"line":10,"column":30}},"4":{"start":{"line":13,"column":16},"end":{"line":18,"column":1}},"5":{"start":{"line":14,"column":16},"end":{"line":14,"column":35}},"6":{"start":{"line":15,"column":16},"end":{"line":15,"column":35}},"7":{"start":{"line":16,"column":19},"end":{"line":16,"column":44}},"8":{"start":{"line":17,"column":2},"end":{"line":17,"column":37}}},"fnMap":{"0":{"name":"(anonymous_0)","decl":{"start":{"line":7,"column":21},"end":{"line":7,"column":22}},"loc":{"start":{"line":7,"column":31},"end":{"line":11,"column":1}},"line":7},"1":{"name":"(anonymous_1)","decl":{"start":{"line":13,"column":16},"end":{"line":13,"column":17}},"loc":{"start":{"line":13,"column":54},"end":{"line":18,"column":1}},"line":13}},"branchMap":{"0":{"loc":{"start":{"line":13,"column":31},"end":{"line":13,"column":49}},"type":"default-arg","locations":[{"start":{"line":13,"column":40},"end":{"line":13,"column":49}}],"line":13}},"s":{"0":1,"1":8,"2":8,"3":8,"4":1,"5":4,"6":4,"7":4,"8":4},"f":{"0":8,"1":4},"b":{"0":[0]},"_coverageSchema":"1a1c01bbd47fc00a2c39e90264f33305004495a9","hash":"2638592fc5e91a3a6ef393809d471df939477ca9"}
,"/home/bulat/frontend-project-46/src/parsers.js": {"path":"/home/bulat/frontend-project-46/src/parsers.js","statementMap":{"0":{"start":{"line":3,"column":14},"end":{"line":13,"column":1}},"1":{"start":{"line":4,"column":2},"end":{"line":12,"column":3}},"2":{"start":{"line":6,"column":6},"end":{"line":6,"column":33}},"3":{"start":{"line":9,"column":6},"end":{"line":9,"column":32}},"4":{"start":{"line":11,"column":6},"end":{"line":11,"column":77}}},"fnMap":{"0":{"name":"(anonymous_0)","decl":{"start":{"line":3,"column":14},"end":{"line":3,"column":15}},"loc":{"start":{"line":3,"column":36},"end":{"line":13,"column":1}},"line":3}},"branchMap":{"0":{"loc":{"start":{"line":4,"column":2},"end":{"line":12,"column":3}},"type":"switch","locations":[{"start":{"line":5,"column":4},"end":{"line":6,"column":33}},{"start":{"line":7,"column":4},"end":{"line":7,"column":15}},{"start":{"line":8,"column":4},"end":{"line":9,"column":32}},{"start":{"line":10,"column":4},"end":{"line":11,"column":77}}],"line":4}},"s":{"0":1,"1":8,"2":4,"3":4,"4":0},"f":{"0":8},"b":{"0":[4,4,4,0]},"_coverageSchema":"1a1c01bbd47fc00a2c39e90264f33305004495a9","hash":"a2a9806f17198399f56b296be10ad513a2cd5b09"}
,"/home/bulat/frontend-project-46/src/paths.js": {"path":"/home/bulat/frontend-project-46/src/paths.js","statementMap":{"0":{"start":{"line":5,"column":19},"end":{"line":5,"column":49}},"1":{"start":{"line":6,"column":18},"end":{"line":6,"column":42}},"2":{"start":{"line":8,"column":16},"end":{"line":8,"column":85}},"3":{"start":{"line":8,"column":30},"end":{"line":8,"column":85}},"4":{"start":{"line":9,"column":17},"end":{"line":9,"column":74}},"5":{"start":{"line":9,"column":31},"end":{"line":9,"column":74}}},"fnMap":{"0":{"name":"(anonymous_0)","decl":{"start":{"line":8,"column":16},"end":{"line":8,"column":17}},"loc":{"start":{"line":8,"column":30},"end":{"line":8,"column":85}},"line":8},"1":{"name":"(anonymous_1)","decl":{"start":{"line":9,"column":17},"end":{"line":9,"column":18}},"loc":{"start":{"line":9,"column":31},"end":{"line":9,"column":74}},"line":9}},"branchMap":{},"s":{"0":1,"1":1,"2":1,"3":12,"4":1,"5":12},"f":{"0":12,"1":12},"b":{},"_coverageSchema":"1a1c01bbd47fc00a2c39e90264f33305004495a9","hash":"830f5ed5792162e3acb03729b3ac5fb9b680b580"}
,"/home/bulat/frontend-project-46/src/Formatters/index.js": {"path":"/home/bulat/frontend-project-46/src/Formatters/index.js","statementMap":{"0":{"start":{"line":5,"column":18},"end":{"line":16,"column":1}},"1":{"start":{"line":6,"column":2},"end":{"line":15,"column":3}},"2":{"start":{"line":8,"column":6},"end":{"line":8,"column":47}},"3":{"start":{"line":10,"column":6},"end":{"line":10,"column":45}},"4":{"start":{"line":12,"column":6},"end":{"line":12,"column":50}},"5":{"start":{"line":14,"column":6},"end":{"line":14,"column":75}}},"fnMap":{"0":{"name":"(anonymous_0)","decl":{"start":{"line":5,"column":18},"end":{"line":5,"column":19}},"loc":{"start":{"line":5,"column":50},"end":{"line":16,"column":1}},"line":5}},"branchMap":{"0":{"loc":{"start":{"line":6,"column":2},"end":{"line":15,"column":3}},"type":"switch","locations":[{"start":{"line":7,"column":4},"end":{"line":8,"column":47}},{"start":{"line":9,"column":4},"end":{"line":10,"column":45}},{"start":{"line":11,"column":4},"end":{"line":12,"column":50}},{"start":{"line":13,"column":4},"end":{"line":14,"column":75}}],"line":6}},"s":{"0":1,"1":4,"2":1,"3":1,"4":2,"5":0},"f":{"0":4},"b":{"0":[1,1,2,0]},"_coverageSchema":"1a1c01bbd47fc00a2c39e90264f33305004495a9","hash":"2813a6163e5fabc950792f38afb04cbc7b6bed38"}
,"/home/bulat/frontend-project-46/src/Formatters/json.js": {"path":"/home/bulat/frontend-project-46/src/Formatters/json.js","statementMap":{"0":{"start":{"line":1,"column":22},"end":{"line":1,"column":69}},"1":{"start":{"line":1,"column":36},"end":{"line":1,"column":69}}},"fnMap":{"0":{"name":"(anonymous_0)","decl":{"start":{"line":1,"column":22},"end":{"line":1,"column":23}},"loc":{"start":{"line":1,"column":36},"end":{"line":1,"column":69}},"line":1}},"branchMap":{},"s":{"0":1,"1":1},"f":{"0":1},"b":{},"_coverageSchema":"1a1c01bbd47fc00a2c39e90264f33305004495a9","hash":"e733df06affaf559b7146881ac7032beb5568610"}
,"/home/bulat/frontend-project-46/src/Formatters/plain.js": {"path":"/home/bulat/frontend-project-46/src/Formatters/plain.js","statementMap":{"0":{"start":{"line":3,"column":21},"end":{"line":11,"column":1}},"1":{"start":{"line":4,"column":2},"end":{"line":6,"column":3}},"2":{"start":{"line":5,"column":4},"end":{"line":5,"column":29}},"3":{"start":{"line":7,"column":2},"end":{"line":9,"column":3}},"4":{"start":{"line":8,"column":4},"end":{"line":8,"column":24}},"5":{"start":{"line":10,"column":2},"end":{"line":10,"column":15}},"6":{"start":{"line":13,"column":23},"end":{"line":39,"column":1}},"7":{"start":{"line":14,"column":15},"end":{"line":37,"column":3}},"8":{"start":{"line":15,"column":18},"end":{"line":35,"column":8}},"9":{"start":{"line":16,"column":26},"end":{"line":16,"column":53}},"10":{"start":{"line":18,"column":24},"end":{"line":18,"column":46}},"11":{"start":{"line":19,"column":8},"end":{"line":34,"column":9}},"12":{"start":{"line":21,"column":12},"end":{"line":23,"column":16}},"13":{"start":{"line":25,"column":12},"end":{"line":25,"column":55}},"14":{"start":{"line":27,"column":12},"end":{"line":29,"column":48}},"15":{"start":{"line":31,"column":12},"end":{"line":31,"column":54}},"16":{"start":{"line":33,"column":12},"end":{"line":33,"column":69}},"17":{"start":{"line":36,"column":4},"end":{"line":36,"column":28}},"18":{"start":{"line":38,"column":2},"end":{"line":38,"column":24}}},"fnMap":{"0":{"name":"(anonymous_0)","decl":{"start":{"line":3,"column":21},"end":{"line":3,"column":22}},"loc":{"start":{"line":3,"column":32},"end":{"line":11,"column":1}},"line":3},"1":{"name":"(anonymous_1)","decl":{"start":{"line":13,"column":23},"end":{"line":13,"column":24}},"loc":{"start":{"line":13,"column":37},"end":{"line":39,"column":1}},"line":13},"2":{"name":"(anonymous_2)","decl":{"start":{"line":14,"column":15},"end":{"line":14,"column":16}},"loc":{"start":{"line":14,"column":38},"end":{"line":37,"column":3}},"line":14},"3":{"name":"(anonymous_3)","decl":{"start":{"line":16,"column":14},"end":{"line":16,"column":15}},"loc":{"start":{"line":16,"column":26},"end":{"line":16,"column":53}},"line":16},"4":{"name":"(anonymous_4)","decl":{"start":{"line":17,"column":11},"end":{"line":17,"column":12}},"loc":{"start":{"line":17,"column":21},"end":{"line":35,"column":7}},"line":17}},"branchMap":{"0":{"loc":{"start":{"line":4,"column":2},"end":{"line":6,"column":3}},"type":"if","locations":[{"start":{"line":4,"column":2},"end":{"line":6,"column":3}},{"start":{},"end":{}}],"line":4},"1":{"loc":{"start":{"line":7,"column":2},"end":{"line":9,"column":3}},"type":"if","locations":[{"start":{"line":7,"column":2},"end":{"line":9,"column":3}},{"start":{},"end":{}}],"line":7},"2":{"loc":{"start":{"line":14,"column":22},"end":{"line":14,"column":33}},"type":"default-arg","locations":[{"start":{"line":14,"column":31},"end":{"line":14,"column":33}}],"line":14},"3":{"loc":{"start":{"line":19,"column":8},"end":{"line":34,"column":9}},"type":"switch","locations":[{"start":{"line":20,"column":10},"end":{"line":23,"column":16}},{"start":{"line":24,"column":10},"end":{"line":25,"column":55}},{"start":{"line":26,"column":10},"end":{"line":29,"column":48}},{"start":{"line":30,"column":10},"end":{"line":31,"column":54}},{"start":{"line":32,"column":10},"end":{"line":33,"column":69}}],"line":19}},"s":{"0":1,"1":13,"2":3,"3":10,"4":7,"5":3,"6":1,"7":1,"8":5,"9":18,"10":15,"11":15,"12":5,"13":2,"14":4,"15":4,"16":0,"17":5,"18":1},"f":{"0":13,"1":1,"2":5,"3":18,"4":15},"b":{"0":[3,10],"1":[7,3],"2":[1],"3":[5,2,4,4,0]},"_coverageSchema":"1a1c01bbd47fc00a2c39e90264f33305004495a9","hash":"0a04d1bf6b7b358752300e19e55e8fe951c9accb"}
,"/home/bulat/frontend-project-46/src/Formatters/stylish.js": {"path":"/home/bulat/frontend-project-46/src/Formatters/stylish.js","statementMap":{"0":{"start":{"line":3,"column":20},"end":{"line":3,"column":21}},"1":{"start":{"line":4,"column":15},"end":{"line":4,"column":61}},"2":{"start":{"line":4,"column":26},"end":{"line":4,"column":61}},"3":{"start":{"line":6,"column":18},"end":{"line":16,"column":1}},"4":{"start":{"line":7,"column":2},"end":{"line":9,"column":3}},"5":{"start":{"line":8,"column":4},"end":{"line":8,"column":21}},"6":{"start":{"line":10,"column":15},"end":{"line":10,"column":35}},"7":{"start":{"line":11,"column":18},"end":{"line":14,"column":4}},"8":{"start":{"line":12,"column":25},"end":{"line":12,"column":52}},"9":{"start":{"line":13,"column":4},"end":{"line":13,"column":59}},"10":{"start":{"line":15,"column":2},"end":{"line":15,"column":57}},"11":{"start":{"line":18,"column":25},"end":{"line":45,"column":1}},"12":{"start":{"line":19,"column":15},"end":{"line":43,"column":6}},"13":{"start":{"line":20,"column":4},"end":{"line":43,"column":6}},"14":{"start":{"line":21,"column":32},"end":{"line":22,"column":75}},"15":{"start":{"line":22,"column":8},"end":{"line":22,"column":75}},"16":{"start":{"line":23,"column":6},"end":{"line":42,"column":7}},"17":{"start":{"line":25,"column":10},"end":{"line":25,"column":52}},"18":{"start":{"line":27,"column":10},"end":{"line":27,"column":52}},"19":{"start":{"line":29,"column":10},"end":{"line":29,"column":52}},"20":{"start":{"line":31,"column":10},"end":{"line":34,"column":14}},"21":{"start":{"line":36,"column":10},"end":{"line":39,"column":44}},"22":{"start":{"line":41,"column":10},"end":{"line":41,"column":67}},"23":{"start":{"line":44,"column":2},"end":{"line":44,"column":42}}},"fnMap":{"0":{"name":"(anonymous_0)","decl":{"start":{"line":4,"column":15},"end":{"line":4,"column":16}},"loc":{"start":{"line":4,"column":26},"end":{"line":4,"column":61}},"line":4},"1":{"name":"(anonymous_1)","decl":{"start":{"line":6,"column":18},"end":{"line":6,"column":19}},"loc":{"start":{"line":6,"column":39},"end":{"line":16,"column":1}},"line":6},"2":{"name":"(anonymous_2)","decl":{"start":{"line":11,"column":27},"end":{"line":11,"column":28}},"loc":{"start":{"line":11,"column":45},"end":{"line":14,"column":3}},"line":11},"3":{"name":"(anonymous_3)","decl":{"start":{"line":18,"column":25},"end":{"line":18,"column":26}},"loc":{"start":{"line":18,"column":39},"end":{"line":45,"column":1}},"line":18},"4":{"name":"(anonymous_4)","decl":{"start":{"line":19,"column":15},"end":{"line":19,"column":16}},"loc":{"start":{"line":20,"column":4},"end":{"line":43,"column":6}},"line":20},"5":{"name":"(anonymous_5)","decl":{"start":{"line":20,"column":13},"end":{"line":20,"column":14}},"loc":{"start":{"line":20,"column":23},"end":{"line":43,"column":5}},"line":20},"6":{"name":"(anonymous_6)","decl":{"start":{"line":21,"column":32},"end":{"line":21,"column":33}},"loc":{"start":{"line":22,"column":8},"end":{"line":22,"column":75}},"line":22}},"branchMap":{"0":{"loc":{"start":{"line":6,"column":25},"end":{"line":6,"column":34}},"type":"default-arg","locations":[{"start":{"line":6,"column":33},"end":{"line":6,"column":34}}],"line":6},"1":{"loc":{"start":{"line":7,"column":2},"end":{"line":9,"column":3}},"type":"if","locations":[{"start":{"line":7,"column":2},"end":{"line":9,"column":3}},{"start":{},"end":{}}],"line":7},"2":{"loc":{"start":{"line":19,"column":22},"end":{"line":19,"column":31}},"type":"default-arg","locations":[{"start":{"line":19,"column":30},"end":{"line":19,"column":31}}],"line":19},"3":{"loc":{"start":{"line":23,"column":6},"end":{"line":42,"column":7}},"type":"switch","locations":[{"start":{"line":24,"column":8},"end":{"line":25,"column":52}},{"start":{"line":26,"column":8},"end":{"line":27,"column":52}},{"start":{"line":28,"column":8},"end":{"line":29,"column":52}},{"start":{"line":30,"column":8},"end":{"line":34,"column":14}},{"start":{"line":35,"column":8},"end":{"line":39,"column":44}},{"start":{"line":40,"column":8},"end":{"line":41,"column":67}}],"line":23}},"s":{"0":1,"1":1,"2":84,"3":1,"4":54,"5":40,"6":14,"7":14,"8":18,"9":18,"10":14,"11":1,"12":2,"13":10,"14":36,"15":36,"16":36,"17":10,"18":4,"19":6,"20":8,"21":8,"22":0,"23":2},"f":{"0":84,"1":54,"2":18,"3":2,"4":10,"5":36,"6":36},"b":{"0":[0],"1":[40,14],"2":[2],"3":[10,4,6,8,8,0]},"_coverageSchema":"1a1c01bbd47fc00a2c39e90264f33305004495a9","hash":"20fce757bfaf7cf0e222ecdb64d655500b40ecde"}
}
