TN:
SF:src/buildDiff.js
FN:3,(anonymous_0)
FN:7,(anonymous_1)
FNF:2
FNH:2
FNDA:20,(anonymous_0)
FNDA:72,(anonymous_1)
DA:3,1
DA:4,20
DA:5,20
DA:6,20
DA:7,20
DA:8,72
DA:9,20
DA:11,52
DA:12,8
DA:14,44
DA:15,12
DA:17,32
DA:18,16
DA:24,16
DA:32,20
LF:15
LH:15
BRDA:8,0,0,20
BRDA:8,0,1,52
BRDA:11,1,0,8
BRDA:11,1,1,44
BRDA:14,2,0,12
BRDA:14,2,1,32
BRDA:17,3,0,16
BRDA:17,3,1,16
BRDA:17,4,0,32
BRDA:17,4,1,20
BRF:10
BRH:10
end_of_record
TN:
SF:src/index.js
FN:7,(anonymous_0)
FN:13,(anonymous_1)
FNF:2
FNH:2
FNDA:8,(anonymous_0)
FNDA:4,(anonymous_1)
DA:7,1
DA:8,8
DA:9,8
DA:10,8
DA:13,1
DA:14,4
DA:15,4
DA:16,4
DA:17,4
LF:9
LH:9
BRDA:13,0,0,0
BRF:1
BRH:0
end_of_record
TN:
SF:src/parsers.js
FN:3,(anonymous_0)
FNF:1
FNH:1
FNDA:8,(anonymous_0)
DA:3,1
DA:4,8
DA:6,4
DA:9,4
DA:11,0
LF:5
LH:4
BRDA:4,0,0,4
BRDA:4,0,1,4
BRDA:4,0,2,4
BRDA:4,0,3,0
BRF:4
BRH:3
end_of_record
TN:
SF:src/paths.js
FN:8,(anonymous_0)
FN:9,(anonymous_1)
FNF:2
FNH:2
FNDA:12,(anonymous_0)
FNDA:12,(anonymous_1)
DA:5,1
DA:6,1
DA:8,12
DA:9,12
LF:4
LH:4
BRF:0
BRH:0
end_of_record
TN:
SF:src/Formatters/index.js
FN:5,(anonymous_0)
FNF:1
FNH:1
FNDA:4,(anonymous_0)
DA:5,1
DA:6,4
DA:8,1
DA:10,1
DA:12,2
DA:14,0
LF:6
LH:5
BRDA:6,0,0,1
BRDA:6,0,1,1
BRDA:6,0,2,2
BRDA:6,0,3,0
BRF:4
BRH:3
end_of_record
TN:
SF:src/Formatters/json.js
FN:1,(anonymous_0)
FNF:1
FNH:1
FNDA:1,(anonymous_0)
DA:1,1
LF:1
LH:1
BRF:0
BRH:0
end_of_record
TN:
SF:src/Formatters/plain.js
FN:3,(anonymous_0)
FN:13,(anonymous_1)
FN:14,(anonymous_2)
FN:16,(anonymous_3)
FN:17,(anonymous_4)
FNF:5
FNH:5
FNDA:13,(anonymous_0)
FNDA:1,(anonymous_1)
FNDA:5,(anonymous_2)
FNDA:18,(anonymous_3)
FNDA:15,(anonymous_4)
DA:3,1
DA:4,13
DA:5,3
DA:7,10
DA:8,7
DA:10,3
DA:13,1
DA:14,1
DA:15,5
DA:16,18
DA:18,15
DA:19,15
DA:21,5
DA:25,2
DA:27,4
DA:31,4
DA:33,0
DA:36,5
DA:38,1
LF:19
LH:18
BRDA:4,0,0,3
BRDA:4,0,1,10
BRDA:7,1,0,7
BRDA:7,1,1,3
BRDA:14,2,0,1
BRDA:19,3,0,5
BRDA:19,3,1,2
BRDA:19,3,2,4
BRDA:19,3,3,4
BRDA:19,3,4,0
BRF:10
BRH:9
end_of_record
TN:
SF:src/Formatters/stylish.js
FN:4,(anonymous_0)
FN:6,(anonymous_1)
FN:11,(anonymous_2)
FN:18,(anonymous_3)
FN:19,(anonymous_4)
FN:20,(anonymous_5)
FN:21,(anonymous_6)
FNF:7
FNH:7
FNDA:84,(anonymous_0)
FNDA:54,(anonymous_1)
FNDA:18,(anonymous_2)
FNDA:2,(anonymous_3)
FNDA:10,(anonymous_4)
FNDA:36,(anonymous_5)
FNDA:36,(anonymous_6)
DA:3,1
DA:4,84
DA:6,1
DA:7,54
DA:8,40
DA:10,14
DA:11,14
DA:12,18
DA:13,18
DA:15,14
DA:18,1
DA:19,2
DA:20,10
DA:21,36
DA:22,36
DA:23,36
DA:25,10
DA:27,4
DA:29,6
DA:31,8
DA:36,8
DA:41,0
DA:44,2
LF:23
LH:22
BRDA:6,0,0,0
BRDA:7,1,0,40
BRDA:7,1,1,14
BRDA:19,2,0,2
BRDA:23,3,0,10
BRDA:23,3,1,4
BRDA:23,3,2,6
BRDA:23,3,3,8
BRDA:23,3,4,8
BRDA:23,3,5,0
BRF:10
BRH:8
end_of_record
